2022-03-01 10:47:04 SmiteAPI [[0;31mERROR[0m in API] DevId or AuthKey not specified!
2022-03-01 10:48:17 SmiteAPI [[0;34mDEBUG[0m in API] Invalid session id. (42B57C608DE6427DAA27083C6396FF6A)
2022-03-01 10:48:17 SmiteAPI [[0;34mDEBUG[0m in API] Approved: (Old session: 42B57C608DE6427DAA27083C6396FF6A, new session: AB50534F4ED94438B798693BD5C16555)
2022-03-01 11:59:30 SmiteAPI [[0;34mDEBUG[0m in API] Invalid session id. (AB50534F4ED94438B798693BD5C16555)
2022-03-01 11:59:31 SmiteAPI [[0;34mDEBUG[0m in API] Approved: (Old session: AB50534F4ED94438B798693BD5C16555, new session: B265C0B111AE466697530C07B4246E9B)
2022-03-01 13:49:12 SmiteAPI [[0;34mDEBUG[0m in API] Invalid session id. (B265C0B111AE466697530C07B4246E9B)
2022-03-01 13:49:13 SmiteAPI [[0;34mDEBUG[0m in API] Approved: (Old session: B265C0B111AE466697530C07B4246E9B, new session: 7185F0A6C7A645D4AE144D329BFD0958)
2022-03-01 15:12:08 SmiteAPI [[0;34mDEBUG[0m in API] Invalid session id. (7185F0A6C7A645D4AE144D329BFD0958)
2022-03-01 15:12:08 SmiteAPI [[0;34mDEBUG[0m in API] Approved: (Old session: 7185F0A6C7A645D4AE144D329BFD0958, new session: B1C7645E9650403DB8B1C9EA4E3E4902)
2022-03-18 15:35:31 SmiteAPI [[0;34mDEBUG[0m in API] Invalid session id. (B1C7645E9650403DB8B1C9EA4E3E4902)
2022-03-18 15:35:31 SmiteAPI [[0;34mDEBUG[0m in API] Approved: (Old session: B1C7645E9650403DB8B1C9EA4E3E4902, new session: F8C9809C087D4519A009A6A4B4C98388)
2022-03-18 18:27:57 SmiteAPI [[0;34mDEBUG[0m in API] Invalid session id. (F8C9809C087D4519A009A6A4B4C98388)
2022-03-18 18:27:58 SmiteAPI [[0;34mDEBUG[0m in API] Approved: (Old session: F8C9809C087D4519A009A6A4B4C98388, new session: 87B260814DEA4B7F9A99CBAC02BDC20A)
2022-04-06 15:00:30 SmiteAPI [[0;34mDEBUG[0m in API] Invalid session id. (87B260814DEA4B7F9A99CBAC02BDC20A)
2022-04-06 15:00:31 SmiteAPI [[0;34mDEBUG[0m in API] Approved: (Old session: 87B260814DEA4B7F9A99CBAC02BDC20A, new session: 6C6DADF3ACEA454F9425299DAB4248A6)
2022-04-19 15:28:46 SmiteAPI [[0;34mDEBUG[0m in API] Approved: (Old session: None, new session: 76E19C51A8D049D8B548FC893CB332B9)
2022-04-19 17:11:12 SmiteAPI [[0;34mDEBUG[0m in API] Invalid session id. (76E19C51A8D049D8B548FC893CB332B9)
2022-04-19 17:11:13 SmiteAPI [[0;34mDEBUG[0m in API] Approved: (Old session: 76E19C51A8D049D8B548FC893CB332B9, new session: 723C7103F6C947D2AEB873BCCD542EBE)
2022-04-23 17:03:33 SmiteAPI [[0;34mDEBUG[0m in API] Invalid session id. (723C7103F6C947D2AEB873BCCD542EBE)
2022-04-23 17:03:35 SmiteAPI [[0;34mDEBUG[0m in API] Approved: (Old session: 723C7103F6C947D2AEB873BCCD542EBE, new session: 9513AF06C02D403DB75E30859E227221)
2022-04-25 18:45:58 SmiteAPI [[0;34mDEBUG[0m in API] Invalid session id. (9513AF06C02D403DB75E30859E227221)
2022-04-25 18:45:59 SmiteAPI [[0;34mDEBUG[0m in API] Approved: (Old session: 9513AF06C02D403DB75E30859E227221, new session: 9619A513D050437A95CDC4EB2B70D7B5)
2022-05-09 14:35:09 SmiteAPI [[0;34mDEBUG[0m in API] Invalid session id. (9619A513D050437A95CDC4EB2B70D7B5)
2022-05-09 14:35:09 SmiteAPI [[0;34mDEBUG[0m in API] Approved: (Old session: 9619A513D050437A95CDC4EB2B70D7B5, new session: 6B6E39CFCC21441B96AA6A2346C485FC)
2022-07-09 11:08:40 SmiteAPI [[0;34mDEBUG[0m in API] Invalid session id. (6B6E39CFCC21441B96AA6A2346C485FC)
2022-07-09 11:08:40 SmiteAPI [[0;34mDEBUG[0m in API] Approved: (Old session: 6B6E39CFCC21441B96AA6A2346C485FC, new session: B66950756B0C4A84A5DA81306F6E3485)
2022-07-10 14:05:39 SmiteAPI [[0;34mDEBUG[0m in API] Invalid session id. (B66950756B0C4A84A5DA81306F6E3485)
2022-07-10 14:05:43 SmiteAPI [[0;34mDEBUG[0m in API] Approved: (Old session: B66950756B0C4A84A5DA81306F6E3485, new session: 804A332FD09A4882AE5CE2A7F49A31F8)
2022-07-11 09:38:43 SmiteAPI [[0;34mDEBUG[0m in API] Invalid session id. (804A332FD09A4882AE5CE2A7F49A31F8)
2022-07-11 09:38:43 SmiteAPI [[0;34mDEBUG[0m in API] Approved: (Old session: 804A332FD09A4882AE5CE2A7F49A31F8, new session: 2E8B12EC11434DAFADF0F7022E8034D4)
2022-07-12 00:10:25 SmiteAPI [[0;34mDEBUG[0m in API] Invalid session id. (2E8B12EC11434DAFADF0F7022E8034D4)
2022-07-12 00:10:26 SmiteAPI [[0;34mDEBUG[0m in API] Approved: (Old session: 2E8B12EC11434DAFADF0F7022E8034D4, new session: A1BE76489A124D82A33D0300520DD1C2)
